
11월 03, 2020 10:35:31.83 NEW SESSION
11월 03, 2020 10:35:31.83 [4784:5336:1103/103531.082:ERROR:device_event_log_impl.cc(208)] [10:35:31.082] Bluetooth: bluetooth_adapter_winrt.cc:1076 Getting Default Adapter failed.
11월 03, 2020 10:45:22.810 [1103/104522.807:ERROR:directory_reader_win.cc(43)] FindFirstFile: 지정된 경로를 찾을 수 없습니다. (0x3)
11월 03, 2020 13:49:17.626 [4784:9332:1103/134917.626:ERROR:socket_stream.cc(219)] Closing stream with result -2
11월 03, 2020 14:11:43.970 [4784:9332:1103/141143.970:ERROR:connection_factory_impl.cc(428)] Failed to connect to MCS endpoint with error -106
11월 03, 2020 18:01:39.884 [4784:9332:1103/180139.884:ERROR:socket_stream.cc(219)] Closing stream with result -2
11월 03, 2020 18:13:34.978 [4784:9332:1103/181334.977:ERROR:connection_factory_impl.cc(428)] Failed to connect to MCS endpoint with error -106

11월 04, 2020 09:37:54.226 NEW SESSION
11월 04, 2020 09:37:54.226 [4088:5284:1104/093754.225:ERROR:device_event_log_impl.cc(208)] [09:37:54.225] Bluetooth: bluetooth_adapter_winrt.cc:1076 Getting Default Adapter failed.
11월 04, 2020 09:47:43.563 [1104/094743.561:ERROR:directory_reader_win.cc(43)] FindFirstFile: 지정된 경로를 찾을 수 없습니다. (0x3)
11월 04, 2020 13:51:37.692 [4088:3252:1104/135137.691:ERROR:socket_stream.cc(219)] Closing stream with result -2
11월 04, 2020 14:19:55.23 [4088:3252:1104/141955.022:ERROR:connection_factory_impl.cc(428)] Failed to connect to MCS endpoint with error -106
11월 04, 2020 17:01:50.772 [4088:3252:1104/170150.772:ERROR:socket_stream.cc(219)] Closing stream with result -2
11월 04, 2020 18:16:25.89 [4088:3252:1104/181625.088:ERROR:connection_factory_impl.cc(428)] Failed to connect to MCS endpoint with error -106
11월 04, 2020 18:16:27.414 [4088:14384:1104/181625.090:ERROR:get_updates_processor.cc(257)] PostClientToServerMessage() failed during GetUpdates with error 2

11월 09, 2020 09:38:38.830 NEW SESSION
11월 09, 2020 09:38:38.830 [8812:9524:1109/093838.829:ERROR:device_event_log_impl.cc(208)] [09:38:38.829] Bluetooth: bluetooth_adapter_winrt.cc:1076 Getting Default Adapter failed.
11월 09, 2020 09:48:25.936 [1109/094825.934:ERROR:directory_reader_win.cc(43)] FindFirstFile: 지정된 경로를 찾을 수 없습니다. (0x3)
11월 09, 2020 13:51:45.819 [8812:11856:1109/135145.819:ERROR:socket_stream.cc(219)] Closing stream with result -2
11월 09, 2020 14:23:05.24 [8812:11856:1109/142305.024:ERROR:connection_factory_impl.cc(428)] Failed to connect to MCS endpoint with error -106
